# JRE version: OpenJDK Runtime Environment (8.0_112) (build 1.8.0_112-release-736)
# Java VM: OpenJDK 64-Bit Server VM (25.112-b736 mixed mode windows-amd64 compressed oops)
Heap:
 PSYoungGen      total 214528K, used 152656K [0x00000000e0000000, 0x00000000f0e80000, 0x0000000100000000)
  eden space 169472K, 86% used [0x00000000e0000000,0x00000000e8fb6900,0x00000000ea580000)
  from space 45056K, 12% used [0x00000000ea580000,0x00000000eaadda90,0x00000000ed180000)
  to   space 45056K, 0% used [0x00000000ee280000,0x00000000ee280000,0x00000000f0e80000)
 ParOldGen       total 185344K, used 82589K [0x00000000a0000000, 0x00000000ab500000, 0x00000000e0000000)
  object space 185344K, 44% used [0x00000000a0000000,0x00000000a50a7710,0x00000000ab500000)
 Metaspace       used 70980K, capacity 73280K, committed 73472K, reserved 1114112K
  class space    used 8648K, capacity 9150K, committed 9216K, reserved 1048576K
GC Heap History (10 events):
Event: 43.457 GC heap before
{Heap before GC invocations=18 (full 3):
 PSYoungGen      total 171008K, used 171007K [0x00000000e0000000, 0x00000000ecf00000, 0x0000000100000000)
  eden space 146432K, 100% used [0x00000000e0000000,0x00000000e8f00000,0x00000000e8f00000)
  from space 24576K, 99% used [0x00000000eac80000,0x00000000ec47ff80,0x00000000ec480000)
  to   space 30208K, 0% used [0x00000000e8f00000,0x00000000e8f00000,0x00000000eac80000)
 ParOldGen       total 185344K, used 47285K [0x00000000a0000000, 0x00000000ab500000, 0x00000000e0000000)
  object space 185344K, 25% used [0x00000000a0000000,0x00000000a2e2d548,0x00000000ab500000)
 Metaspace       used 66727K, capacity 68718K, committed 68736K, reserved 1110016K
  class space    used 8394K, capacity 8817K, committed 8832K, reserved 1048576K
Event: 43.485 GC heap after
Heap after GC invocations=18 (full 3):
 PSYoungGen      total 176640K, used 29041K [0x00000000e0000000, 0x00000000ee180000, 0x0000000100000000)
  eden space 146432K, 0% used [0x00000000e0000000,0x00000000e0000000,0x00000000e8f00000)
  from space 30208K, 96% used [0x00000000e8f00000,0x00000000eab5c5c8,0x00000000eac80000)
  to   space 34304K, 0% used [0x00000000ec000000,0x00000000ec000000,0x00000000ee180000)
 ParOldGen       total 185344K, used 47293K [0x00000000a0000000, 0x00000000ab500000, 0x00000000e0000000)
  object space 185344K, 25% used [0x00000000a0000000,0x00000000a2e2f548,0x00000000ab500000)
 Metaspace       used 66727K, capacity 68718K, committed 68736K, reserved 1110016K
  class space    used 8394K, capacity 8817K, committed 8832K, reserved 1048576K
}
Event: 45.566 GC heap before
{Heap before GC invocations=19 (full 3):
 PSYoungGen      total 176640K, used 175473K [0x00000000e0000000, 0x00000000ee180000, 0x0000000100000000)
  eden space 146432K, 100% used [0x00000000e0000000,0x00000000e8f00000,0x00000000e8f00000)
  from space 30208K, 96% used [0x00000000e8f00000,0x00000000eab5c5c8,0x00000000eac80000)
  to   space 34304K, 0% used [0x00000000ec000000,0x00000000ec000000,0x00000000ee180000)
 ParOldGen       total 185344K, used 47293K [0x00000000a0000000, 0x00000000ab500000, 0x00000000e0000000)
  object space 185344K, 25% used [0x00000000a0000000,0x00000000a2e2f548,0x00000000ab500000)
 Metaspace       used 68831K, capacity 70968K, committed 71296K, reserved 1112064K
  class space    used 8534K, capacity 8994K, committed 9088K, reserved 1048576K
Event: 45.610 GC heap after
Heap after GC invocations=19 (full 3):
 PSYoungGen      total 187904K, used 34290K [0x00000000e0000000, 0x00000000ef580000, 0x0000000100000000)
  eden space 153600K, 0% used [0x00000000e0000000,0x00000000e0000000,0x00000000e9600000)
  from space 34304K, 99% used [0x00000000ec000000,0x00000000ee17cac0,0x00000000ee180000)
  to   space 43008K, 0% used [0x00000000e9600000,0x00000000e9600000,0x00000000ec000000)
 ParOldGen       total 185344K, used 58311K [0x00000000a0000000, 0x00000000ab500000, 0x00000000e0000000)
  object space 185344K, 31% used [0x00000000a0000000,0x00000000a38f1d80,0x00000000ab500000)
 Metaspace       used 68831K, capacity 70968K, committed 71296K, reserved 1112064K
  class space    used 8534K, capacity 8994K, committed 9088K, reserved 1048576K
}
Event: 47.090 GC heap before
{Heap before GC invocations=20 (full 3):
 PSYoungGen      total 187904K, used 187890K [0x00000000e0000000, 0x00000000ef580000, 0x0000000100000000)
  eden space 153600K, 100% used [0x00000000e0000000,0x00000000e9600000,0x00000000e9600000)
  from space 34304K, 99% used [0x00000000ec000000,0x00000000ee17cac0,0x00000000ee180000)
  to   space 43008K, 0% used [0x00000000e9600000,0x00000000e9600000,0x00000000ec000000)
 ParOldGen       total 185344K, used 58311K [0x00000000a0000000, 0x00000000ab500000, 0x00000000e0000000)
  object space 185344K, 31% used [0x00000000a0000000,0x00000000a38f1d80,0x00000000ab500000)
 Metaspace       used 69027K, capacity 71160K, committed 71296K, reserved 1112064K
  class space    used 8536K, capacity 8994K, committed 9088K, reserved 1048576K
Event: 47.162 GC heap after
Heap after GC invocations=20 (full 3):
 PSYoungGen      total 196608K, used 14117K [0x00000000e0000000, 0x00000000efa00000, 0x0000000100000000)
  eden space 153600K, 0% used [0x00000000e0000000,0x00000000e0000000,0x00000000e9600000)
  from space 43008K, 32% used [0x00000000e9600000,0x00000000ea3c9440,0x00000000ec000000)
  to   space 41472K, 0% used [0x00000000ed180000,0x00000000ed180000,0x00000000efa00000)
 ParOldGen       total 185344K, used 82573K [0x00000000a0000000, 0x00000000ab500000, 0x00000000e0000000)
  object space 185344K, 44% used [0x00000000a0000000,0x00000000a50a3710,0x00000000ab500000)
 Metaspace       used 69027K, capacity 71160K, committed 71296K, reserved 1112064K
  class space    used 8536K, capacity 8994K, committed 9088K, reserved 1048576K
}
Event: 49.231 GC heap before
{Heap before GC invocations=21 (full 3):
 PSYoungGen      total 196608K, used 167717K [0x00000000e0000000, 0x00000000efa00000, 0x0000000100000000)
  eden space 153600K, 100% used [0x00000000e0000000,0x00000000e9600000,0x00000000e9600000)
  from space 43008K, 32% used [0x00000000e9600000,0x00000000ea3c9440,0x00000000ec000000)
  to   space 41472K, 0% used [0x00000000ed180000,0x00000000ed180000,0x00000000efa00000)
 ParOldGen       total 185344K, used 82573K [0x00000000a0000000, 0x00000000ab500000, 0x00000000e0000000)
  object space 185344K, 44% used [0x00000000a0000000,0x00000000a50a3710,0x00000000ab500000)
 Metaspace       used 70116K, capacity 72368K, committed 72704K, reserved 1112064K
  class space    used 8628K, capacity 9100K, committed 9216K, reserved 1048576K
Event: 49.264 GC heap after
Heap after GC invocations=21 (full 3):
 PSYoungGen      total 210944K, used 33435K [0x00000000e0000000, 0x00000000f0080000, 0x0000000100000000)
  eden space 169472K, 0% used [0x00000000e0000000,0x00000000e0000000,0x00000000ea580000)
  from space 41472K, 80% used [0x00000000ed180000,0x00000000ef226da0,0x00000000efa00000)
  to   space 45056K, 0% used [0x00000000ea580000,0x00000000ea580000,0x00000000ed180000)
 ParOldGen       total 185344K, used 82581K [0x00000000a0000000, 0x00000000ab500000, 0x00000000e0000000)
  object space 185344K, 44% used [0x00000000a0000000,0x00000000a50a5710,0x00000000ab500000)
 Metaspace       used 70116K, capacity 72368K, committed 72704K, reserved 1112064K
  class space    used 8628K, capacity 9100K, committed 9216K, reserved 1048576K
}
Event: 55.494 GC heap before
{Heap before GC invocations=22 (full 3):
 PSYoungGen      total 210944K, used 202907K [0x00000000e0000000, 0x00000000f0080000, 0x0000000100000000)
  eden space 169472K, 100% used [0x00000000e0000000,0x00000000ea580000,0x00000000ea580000)
  from space 41472K, 80% used [0x00000000ed180000,0x00000000ef226da0,0x00000000efa00000)
  to   space 45056K, 0% used [0x00000000ea580000,0x00000000ea580000,0x00000000ed180000)
 ParOldGen       total 185344K, used 82581K [0x00000000a0000000, 0x00000000ab500000, 0x00000000e0000000)
  object space 185344K, 44% used [0x00000000a0000000,0x00000000a50a5710,0x00000000ab500000)
 Metaspace       used 70541K, capacity 72900K, committed 73216K, reserved 1114112K
  class space    used 8642K, capacity 9140K, committed 9216K, reserved 1048576K
Event: 55.504 GC heap after
Heap after GC invocations=22 (full 3):
 PSYoungGen      total 214528K, used 5494K [0x00000000e0000000, 0x00000000f0e80000, 0x0000000100000000)
  eden space 169472K, 0% used [0x00000000e0000000,0x00000000e0000000,0x00000000ea580000)
  from space 45056K, 12% used [0x00000000ea580000,0x00000000eaadda90,0x00000000ed180000)
  to   space 45056K, 0% used [0x00000000ee280000,0x00000000ee280000,0x00000000f0e80000)
 ParOldGen       total 185344K, used 82589K [0x00000000a0000000, 0x00000000ab500000, 0x00000000e0000000)
  object space 185344K, 44% used [0x00000000a0000000,0x00000000a50a7710,0x00000000ab500000)
 Metaspace       used 70541K, capacity 72900K, committed 73216K, reserved 1114112K
  class space    used 8642K, capacity 9140K, committed 9216K, reserved 1048576K
}

